{
  "stats": {
    "suites": 1,
    "tests": 2,
    "passes": 1,
    "pending": 0,
    "failures": 1,
    "start": "2021-03-22T16:42:02.888Z",
    "end": "2021-03-22T16:42:43.479Z",
    "duration": 40591,
    "testsRegistered": 2,
    "passPercent": 50,
    "pendingPercent": 0,
    "other": 0,
    "hasOther": false,
    "skipped": 0,
    "hasSkipped": false
  },
  "results": [
    {
      "uuid": "329865d9-f51b-43f4-9a9c-ac061e907e78",
      "title": "",
      "fullFile": "cypress/integration/search-musics.spec.js",
      "file": "cypress/integration/search-musics.spec.js",
      "beforeHooks": [],
      "afterHooks": [],
      "tests": [],
      "suites": [
        {
          "uuid": "ef3fe06a-8740-4df9-9099-f5c5b6bad0ba",
          "title": "search artist of brazilian rap",
          "fullFile": "",
          "file": "",
          "beforeHooks": [],
          "afterHooks": [],
          "tests": [
            {
              "title": "sabotage",
              "fullTitle": "search artist of brazilian rap sabotage",
              "timedOut": null,
              "duration": 35899,
              "state": "failed",
              "speed": null,
              "pass": false,
              "fail": true,
              "pending": false,
              "context": "\"/home/runner/work/poc-test-e2e-pages/poc-test-e2e-pages/test-report/search artist of brazilian rap -- sabotage (failed)\"",
              "code": "cy.visit('https://google.com.br');\ncy.get('.gLFyf').type('Sabotage').type('{enter}');\ncy.get('bla').should('have.text', 'bla');",
              "err": {
                "message": "AssertionError: Timed out retrying after 5000ms: Expected to find element: `bla`, but never found it.",
                "estack": "AssertionError: Timed out retrying after 5000ms: Expected to find element: `bla`, but never found it.\n    at Context.eval (https://google.com.br/__cypress/tests?p=cypress/integration/search-musics.spec.js:104:19)",
                "diff": null
              },
              "uuid": "c2786d5c-73c7-4586-a327-b2212fd8fe16",
              "parentUUID": "ef3fe06a-8740-4df9-9099-f5c5b6bad0ba",
              "isHook": false,
              "skipped": false
            },
            {
              "title": "snj",
              "fullTitle": "search artist of brazilian rap snj",
              "timedOut": null,
              "duration": 4560,
              "state": "passed",
              "speed": "slow",
              "pass": true,
              "fail": false,
              "pending": false,
              "context": null,
              "code": "cy.visit('https://google.com.br');\ncy.get('.gLFyf').type('Snj').type('{enter}');",
              "err": {},
              "uuid": "c851d942-2562-4bea-a439-94458cd16c74",
              "parentUUID": "ef3fe06a-8740-4df9-9099-f5c5b6bad0ba",
              "isHook": false,
              "skipped": false
            }
          ],
          "suites": [],
          "passes": [
            "c851d942-2562-4bea-a439-94458cd16c74"
          ],
          "failures": [
            "c2786d5c-73c7-4586-a327-b2212fd8fe16"
          ],
          "pending": [],
          "skipped": [],
          "duration": 40459,
          "root": false,
          "rootEmpty": false,
          "_timeout": 2000
        }
      ],
      "passes": [],
      "failures": [],
      "pending": [],
      "skipped": [],
      "duration": 0,
      "root": true,
      "rootEmpty": true,
      "_timeout": 2000
    }
  ],
  "meta": {
    "mocha": {
      "version": "7.0.1"
    },
    "mochawesome": {
      "options": {
        "quiet": false,
        "reportFilename": "mochawesome",
        "saveHtml": false,
        "saveJson": true,
        "consoleReporter": "spec",
        "useInlineDiffs": false,
        "code": true
      },
      "version": "6.2.1"
    },
    "marge": {
      "options": {
        "reporterEnabled": "mochawesome",
        "overwrite": false,
        "html": false,
        "json": true,
        "reportDir": "test-report/"
      },
      "version": "5.1.0"
    }
  }
}