{
  "stats": {
    "suites": 1,
    "tests": 2,
    "passes": 1,
    "pending": 0,
    "failures": 1,
    "start": "2021-03-22T16:38:00.478Z",
    "end": "2021-03-22T16:38:44.358Z",
    "duration": 43880,
    "testsRegistered": 2,
    "passPercent": 50,
    "pendingPercent": 0,
    "other": 0,
    "hasOther": false,
    "skipped": 0,
    "hasSkipped": false
  },
  "results": [
    {
      "uuid": "e0470c36-c2aa-4126-b244-cd42f47e65d3",
      "title": "",
      "fullFile": "cypress/integration/search-musics.spec.js",
      "file": "cypress/integration/search-musics.spec.js",
      "beforeHooks": [],
      "afterHooks": [],
      "tests": [],
      "suites": [
        {
          "uuid": "85ead327-f3a1-4a36-a3c2-f6b5129a5f48",
          "title": "search artist of brazilian rap",
          "fullFile": "",
          "file": "",
          "beforeHooks": [],
          "afterHooks": [],
          "tests": [
            {
              "title": "sabotage",
              "fullTitle": "search artist of brazilian rap sabotage",
              "timedOut": null,
              "duration": 38857,
              "state": "failed",
              "speed": null,
              "pass": false,
              "fail": true,
              "pending": false,
              "context": "\"/home/runner/work/poc-test-e2e-pages/poc-test-e2e-pages/test-report/search artist of brazilian rap -- sabotage (failed).PNG\"",
              "code": "cy.visit('https://google.com.br');\ncy.get('.gLFyf').type('Sabotage').type('{enter}');\ncy.get('bla').should('have.text', 'bla');",
              "err": {
                "message": "AssertionError: Timed out retrying after 5000ms: Expected to find element: `bla`, but never found it.",
                "estack": "AssertionError: Timed out retrying after 5000ms: Expected to find element: `bla`, but never found it.\n    at Context.eval (https://google.com.br/__cypress/tests?p=cypress/integration/search-musics.spec.js:104:19)",
                "diff": null
              },
              "uuid": "6afe85b3-e569-4b06-93cb-863c6828a1ba",
              "parentUUID": "85ead327-f3a1-4a36-a3c2-f6b5129a5f48",
              "isHook": false,
              "skipped": false
            },
            {
              "title": "snj",
              "fullTitle": "search artist of brazilian rap snj",
              "timedOut": null,
              "duration": 4946,
              "state": "passed",
              "speed": "slow",
              "pass": true,
              "fail": false,
              "pending": false,
              "context": null,
              "code": "cy.visit('https://google.com.br');\ncy.get('.gLFyf').type('Snj').type('{enter}');",
              "err": {},
              "uuid": "a89c7cab-2bbb-4c08-8e4a-3a9b3e8ddfce",
              "parentUUID": "85ead327-f3a1-4a36-a3c2-f6b5129a5f48",
              "isHook": false,
              "skipped": false
            }
          ],
          "suites": [],
          "passes": [
            "a89c7cab-2bbb-4c08-8e4a-3a9b3e8ddfce"
          ],
          "failures": [
            "6afe85b3-e569-4b06-93cb-863c6828a1ba"
          ],
          "pending": [],
          "skipped": [],
          "duration": 43803,
          "root": false,
          "rootEmpty": false,
          "_timeout": 2000
        }
      ],
      "passes": [],
      "failures": [],
      "pending": [],
      "skipped": [],
      "duration": 0,
      "root": true,
      "rootEmpty": true,
      "_timeout": 2000
    }
  ],
  "meta": {
    "mocha": {
      "version": "7.0.1"
    },
    "mochawesome": {
      "options": {
        "quiet": false,
        "reportFilename": "mochawesome",
        "saveHtml": false,
        "saveJson": true,
        "consoleReporter": "spec",
        "useInlineDiffs": false,
        "code": true
      },
      "version": "6.2.1"
    },
    "marge": {
      "options": {
        "reporterEnabled": "mochawesome",
        "overwrite": false,
        "html": false,
        "json": true,
        "reportDir": "test-report/"
      },
      "version": "5.1.0"
    }
  }
}